[tale] 2020-09-21 00:49:04,559 INFO  [blade-pool-64] com.blade.mvc.dispatch.DispatcherHandler | GET	/tag/分词	HTTP/1.1
[tale] 2020-09-21 00:49:04,569 INFO  [blade-pool-64] com.tale.interceptor.BaseInterceptor | UserAgent: Mozilla/5.0 (compatible; AhrefsBot/7.0; +http://ahrefs.com/robot/)
[tale] 2020-09-21 00:49:04,569 INFO  [blade-pool-64] com.tale.interceptor.BaseInterceptor | 用户访问地址: /tag/%E5%88%86%E8%AF%8D, 来路地址: 54.36.149.99
[tale] 2020-09-21 00:49:04,571 DEBUG [blade-pool-64] org.sql2o.Query | Executing query:
select a.*, count(b.cid) as count from t_metas a left join `t_relationships` b on a.mid = b.mid where a.type = ? and a.name = ? group by a.mid
[tale] 2020-09-21 00:49:04,574 DEBUG [blade-pool-64] org.sql2o.Query | total: 3 ms, execution: 2 ms, reading and parsing: 1 ms; executed [null]
[tale] 2020-09-21 00:49:04,574 DEBUG [blade-pool-64] org.sql2o.Query | Executing query:
select count(0) from t_contents a left join t_relationships b on a.cid = b.cid where b.mid = ? and a.status = 'publish' and a.type = 'post'
[tale] 2020-09-21 00:49:04,575 DEBUG [blade-pool-64] org.sql2o.Query | total: 1 ms, execution: 1 ms, reading and parsing: 0 ms; executed [null]
[tale] 2020-09-21 00:49:04,575 DEBUG [blade-pool-64] org.sql2o.Query | Executing query:
select a.* from t_contents a left join t_relationships b on a.cid = b.cid where b.mid = ? and a.status = 'publish' and a.type = 'post' order by a.created desc limit 0,12
[tale] 2020-09-21 00:49:04,576 DEBUG [blade-pool-64] org.sql2o.Query | total: 1 ms, execution: 1 ms, reading and parsing: 0 ms; executed [null]
[tale] 2020-09-21 00:49:04,578 DEBUG [blade-pool-64] org.sql2o.Query | Executing query:
select a.*, count(b.cid) as count from t_metas a left join `t_relationships` b on a.mid = b.mid where a.type = ? group by a.mid order by count desc, a.mid desc limit ?
[tale] 2020-09-21 00:49:04,579 DEBUG [blade-pool-64] org.sql2o.Query | total: 1 ms, execution: 1 ms, reading and parsing: 0 ms; executed [null]
[tale] 2020-09-21 00:49:04,580 DEBUG [blade-pool-64] org.sql2o.Query | Executing query:
select a.*, count(b.cid) as count from t_metas a left join `t_relationships` b on a.mid = b.mid where a.type = ? group by a.mid order by count desc, a.mid desc limit ?
[tale] 2020-09-21 00:49:04,580 DEBUG [blade-pool-64] org.sql2o.Query | total: 0 ms, execution: 0 ms, reading and parsing: 0 ms; executed [null]
[tale] 2020-09-21 01:21:01,980 INFO  [blade-pool-49] com.blade.mvc.dispatch.DispatcherHandler | GET	/	HTTP/1.1
[tale] 2020-09-21 01:21:01,987 INFO  [blade-pool-49] com.tale.interceptor.BaseInterceptor | UserAgent: Mozilla/5.0 (Windows NT 6.1; WOW64) AppleWebKit/537.36 (KHTML, like Gecko) Chrome/51.0.2704.103 Safari/537.36
[tale] 2020-09-21 01:21:01,987 INFO  [blade-pool-49] com.tale.interceptor.BaseInterceptor | 用户访问地址: /, 来路地址: 212.28.237.203
[tale] 2020-09-21 01:21:01,991 DEBUG [blade-pool-49] org.sql2o.Query | Executing query:
select count(0) from (select allow_comment,allow_feed,allow_ping,author_id,categories,cid,comments_num,content,created,fmt_type,hits,modified,slug,status,tags,thumb_img,title,type from t_contents where type = ? and status = ?) tmp_count
[tale] 2020-09-21 01:21:01,991 DEBUG [blade-pool-49] org.sql2o.Query | Executing query:
select count(0) from (select allow_comment,allow_feed,allow_ping,author_id,categories,cid,comments_num,content,created,fmt_type,hits,modified,slug,status,tags,thumb_img,title,type from t_contents where type = ? and status = ?) tmp_count
[tale] 2020-09-21 01:21:01,995 DEBUG [blade-pool-49] org.sql2o.Query | total: 4 ms; executed scalar [No name]
[tale] 2020-09-21 01:21:01,995 DEBUG [blade-pool-49] org.sql2o.Query | Executing query:
select allow_comment,allow_feed,allow_ping,author_id,categories,cid,comments_num,content,created,fmt_type,hits,modified,slug,status,tags,thumb_img,title,type from t_contents where type = ? and status = ? order by created desc limit 0,12
[tale] 2020-09-21 01:21:02,001 DEBUG [blade-pool-49] org.sql2o.Query | total: 6 ms, execution: 1 ms, reading and parsing: 5 ms; executed [null]
[tale] 2020-09-21 01:21:02,002 DEBUG [blade-pool-49] org.sql2o.Query | Executing query:
select a.*, count(b.cid) as count from t_metas a left join `t_relationships` b on a.mid = b.mid where a.type = ? group by a.mid order by count desc, a.mid desc limit ?
[tale] 2020-09-21 01:21:02,004 DEBUG [blade-pool-49] org.sql2o.Query | total: 2 ms, execution: 2 ms, reading and parsing: 0 ms; executed [null]
[tale] 2020-09-21 01:21:02,004 DEBUG [blade-pool-49] org.sql2o.Query | Executing query:
select a.*, count(b.cid) as count from t_metas a left join `t_relationships` b on a.mid = b.mid where a.type = ? group by a.mid order by count desc, a.mid desc limit ?
[tale] 2020-09-21 01:21:02,005 DEBUG [blade-pool-49] org.sql2o.Query | total: 1 ms, execution: 1 ms, reading and parsing: 0 ms; executed [null]
[tale] 2020-09-21 01:32:30,641 INFO  [blade-pool-64] com.blade.mvc.dispatch.DispatcherHandler | POST	/HNAP1/	HTTP/1.0
[tale] 2020-09-21 01:35:34,674 INFO  [blade-pool-64] com.blade.mvc.dispatch.DispatcherHandler | GET	/cgi-bin/login.cgi	HTTP/1.1
[tale] 2020-09-21 01:35:36,976 INFO  [blade-pool-64] com.blade.mvc.dispatch.DispatcherHandler | GET	/favicon.ico	HTTP/1.1
[tale] 2020-09-21 01:35:36,977 INFO  [blade-pool-64] com.tale.interceptor.BaseInterceptor | UserAgent: Python/3.7 aiohttp/3.6.2
[tale] 2020-09-21 01:35:36,977 INFO  [blade-pool-64] com.tale.interceptor.BaseInterceptor | 用户访问地址: //favicon.ico, 来路地址: 183.56.165.216
[tale] 2020-09-21 01:35:36,979 DEBUG [blade-pool-64] org.sql2o.Query | Executing query:
select allow_comment,allow_feed,allow_ping,author_id,categories,cid,comments_num,content,created,fmt_type,hits,modified,slug,status,tags,thumb_img,title,type from t_contents where slug = ?
[tale] 2020-09-21 01:35:36,980 DEBUG [blade-pool-64] org.sql2o.Query | total: 1 ms, execution: 1 ms, reading and parsing: 0 ms; executed [null]
[tale] 2020-09-21 01:57:12,866 INFO  [blade-pool-58] com.blade.mvc.dispatch.DispatcherHandler | GET	/	HTTP/1.1
[tale] 2020-09-21 01:57:12,869 INFO  [blade-pool-58] com.tale.interceptor.BaseInterceptor | UserAgent: Mozilla/5.0 (Macintosh; Intel Mac OS X 10_11_5) AppleWebKit/537.36 (KHTML, like Gecko) Chrome/50.0.2661.102 Safari/537.36
[tale] 2020-09-21 01:57:12,869 INFO  [blade-pool-58] com.tale.interceptor.BaseInterceptor | 用户访问地址: /, 来路地址: 52.53.222.142
[tale] 2020-09-21 01:57:12,872 DEBUG [blade-pool-58] org.sql2o.Query | Executing query:
select count(0) from (select allow_comment,allow_feed,allow_ping,author_id,categories,cid,comments_num,content,created,fmt_type,hits,modified,slug,status,tags,thumb_img,title,type from t_contents where type = ? and status = ?) tmp_count
[tale] 2020-09-21 01:57:12,872 DEBUG [blade-pool-58] org.sql2o.Query | Executing query:
select count(0) from (select allow_comment,allow_feed,allow_ping,author_id,categories,cid,comments_num,content,created,fmt_type,hits,modified,slug,status,tags,thumb_img,title,type from t_contents where type = ? and status = ?) tmp_count
[tale] 2020-09-21 01:57:12,874 DEBUG [blade-pool-58] org.sql2o.Query | total: 2 ms; executed scalar [No name]
[tale] 2020-09-21 01:57:12,874 DEBUG [blade-pool-58] org.sql2o.Query | Executing query:
select allow_comment,allow_feed,allow_ping,author_id,categories,cid,comments_num,content,created,fmt_type,hits,modified,slug,status,tags,thumb_img,title,type from t_contents where type = ? and status = ? order by created desc limit 0,12
[tale] 2020-09-21 01:57:12,878 DEBUG [blade-pool-58] org.sql2o.Query | total: 4 ms, execution: 2 ms, reading and parsing: 2 ms; executed [null]
[tale] 2020-09-21 01:57:12,879 DEBUG [blade-pool-58] org.sql2o.Query | Executing query:
select a.*, count(b.cid) as count from t_metas a left join `t_relationships` b on a.mid = b.mid where a.type = ? group by a.mid order by count desc, a.mid desc limit ?
[tale] 2020-09-21 01:57:12,882 DEBUG [blade-pool-58] org.sql2o.Query | total: 3 ms, execution: 3 ms, reading and parsing: 0 ms; executed [null]
[tale] 2020-09-21 01:57:12,882 DEBUG [blade-pool-58] org.sql2o.Query | Executing query:
select a.*, count(b.cid) as count from t_metas a left join `t_relationships` b on a.mid = b.mid where a.type = ? group by a.mid order by count desc, a.mid desc limit ?
[tale] 2020-09-21 01:57:12,883 DEBUG [blade-pool-58] org.sql2o.Query | total: 1 ms, execution: 1 ms, reading and parsing: 0 ms; executed [null]
[tale] 2020-09-21 02:45:44,007 INFO  [blade-pool-49] com.blade.mvc.dispatch.DispatcherHandler | GET	/tag/心得	HTTP/1.1
[tale] 2020-09-21 02:45:44,010 INFO  [blade-pool-49] com.tale.interceptor.BaseInterceptor | UserAgent: Mozilla/5.0 (compatible; AhrefsBot/7.0; +http://ahrefs.com/robot/)
[tale] 2020-09-21 02:45:44,010 INFO  [blade-pool-49] com.tale.interceptor.BaseInterceptor | 用户访问地址: /tag/%E5%BF%83%E5%BE%97, 来路地址: 54.36.148.112
[tale] 2020-09-21 02:45:44,014 DEBUG [blade-pool-49] org.sql2o.Query | Executing query:
select a.*, count(b.cid) as count from t_metas a left join `t_relationships` b on a.mid = b.mid where a.type = ? and a.name = ? group by a.mid
[tale] 2020-09-21 02:45:44,015 DEBUG [blade-pool-49] org.sql2o.Query | total: 2 ms, execution: 2 ms, reading and parsing: 0 ms; executed [null]
[tale] 2020-09-21 02:45:44,015 DEBUG [blade-pool-49] org.sql2o.Query | Executing query:
select count(0) from t_contents a left join t_relationships b on a.cid = b.cid where b.mid = ? and a.status = 'publish' and a.type = 'post'
[tale] 2020-09-21 02:45:44,017 DEBUG [blade-pool-49] org.sql2o.Query | total: 2 ms, execution: 2 ms, reading and parsing: 0 ms; executed [null]
[tale] 2020-09-21 02:45:44,017 DEBUG [blade-pool-49] org.sql2o.Query | Executing query:
select a.* from t_contents a left join t_relationships b on a.cid = b.cid where b.mid = ? and a.status = 'publish' and a.type = 'post' order by a.created desc limit 0,12
[tale] 2020-09-21 02:45:44,018 DEBUG [blade-pool-49] org.sql2o.Query | total: 1 ms, execution: 1 ms, reading and parsing: 0 ms; executed [null]
[tale] 2020-09-21 02:45:44,019 DEBUG [blade-pool-49] org.sql2o.Query | Executing query:
select a.*, count(b.cid) as count from t_metas a left join `t_relationships` b on a.mid = b.mid where a.type = ? group by a.mid order by count desc, a.mid desc limit ?
[tale] 2020-09-21 02:45:44,020 DEBUG [blade-pool-49] org.sql2o.Query | total: 1 ms, execution: 1 ms, reading and parsing: 0 ms; executed [null]
[tale] 2020-09-21 02:45:44,020 DEBUG [blade-pool-49] org.sql2o.Query | Executing query:
select a.*, count(b.cid) as count from t_metas a left join `t_relationships` b on a.mid = b.mid where a.type = ? group by a.mid order by count desc, a.mid desc limit ?
[tale] 2020-09-21 02:45:44,021 DEBUG [blade-pool-49] org.sql2o.Query | total: 1 ms, execution: 1 ms, reading and parsing: 0 ms; executed [null]
[tale] 2020-09-21 02:58:32,997 INFO  [blade-pool-66] com.blade.mvc.dispatch.DispatcherHandler | GET	/	HTTP/1.1
[tale] 2020-09-21 02:58:32,998 INFO  [blade-pool-66] com.tale.interceptor.BaseInterceptor | UserAgent: null
[tale] 2020-09-21 02:58:32,998 INFO  [blade-pool-66] com.tale.interceptor.BaseInterceptor | 用户访问地址: /, 来路地址: 162.142.125.34
[tale] 2020-09-21 02:58:33,000 DEBUG [blade-pool-66] org.sql2o.Query | Executing query:
select count(0) from (select allow_comment,allow_feed,allow_ping,author_id,categories,cid,comments_num,content,created,fmt_type,hits,modified,slug,status,tags,thumb_img,title,type from t_contents where type = ? and status = ?) tmp_count
[tale] 2020-09-21 02:58:33,001 DEBUG [blade-pool-66] org.sql2o.Query | Executing query:
select count(0) from (select allow_comment,allow_feed,allow_ping,author_id,categories,cid,comments_num,content,created,fmt_type,hits,modified,slug,status,tags,thumb_img,title,type from t_contents where type = ? and status = ?) tmp_count
[tale] 2020-09-21 02:58:33,002 DEBUG [blade-pool-66] org.sql2o.Query | total: 2 ms; executed scalar [No name]
[tale] 2020-09-21 02:58:33,002 DEBUG [blade-pool-66] org.sql2o.Query | Executing query:
select allow_comment,allow_feed,allow_ping,author_id,categories,cid,comments_num,content,created,fmt_type,hits,modified,slug,status,tags,thumb_img,title,type from t_contents where type = ? and status = ? order by created desc limit 0,12
[tale] 2020-09-21 02:58:33,008 DEBUG [blade-pool-66] org.sql2o.Query | total: 6 ms, execution: 1 ms, reading and parsing: 5 ms; executed [null]
[tale] 2020-09-21 02:58:33,009 DEBUG [blade-pool-66] org.sql2o.Query | Executing query:
select a.*, count(b.cid) as count from t_metas a left join `t_relationships` b on a.mid = b.mid where a.type = ? group by a.mid order by count desc, a.mid desc limit ?
[tale] 2020-09-21 02:58:33,010 DEBUG [blade-pool-66] org.sql2o.Query | total: 1 ms, execution: 1 ms, reading and parsing: 0 ms; executed [null]
[tale] 2020-09-21 02:58:33,010 DEBUG [blade-pool-66] org.sql2o.Query | Executing query:
select a.*, count(b.cid) as count from t_metas a left join `t_relationships` b on a.mid = b.mid where a.type = ? group by a.mid order by count desc, a.mid desc limit ?
[tale] 2020-09-21 02:58:33,011 DEBUG [blade-pool-66] org.sql2o.Query | total: 1 ms, execution: 1 ms, reading and parsing: 0 ms; executed [null]
[tale] 2020-09-21 02:58:33,637 INFO  [blade-pool-58] com.blade.mvc.dispatch.DispatcherHandler | GET	/	HTTP/1.1
[tale] 2020-09-21 02:58:33,637 INFO  [blade-pool-58] com.tale.interceptor.BaseInterceptor | UserAgent: Mozilla/5.0 (compatible; CensysInspect/1.1; +https://about.censys.io/)
[tale] 2020-09-21 02:58:33,637 INFO  [blade-pool-58] com.tale.interceptor.BaseInterceptor | 用户访问地址: /, 来路地址: 162.142.125.34
[tale] 2020-09-21 02:58:33,638 DEBUG [blade-pool-58] org.sql2o.Query | Executing query:
select count(0) from (select allow_comment,allow_feed,allow_ping,author_id,categories,cid,comments_num,content,created,fmt_type,hits,modified,slug,status,tags,thumb_img,title,type from t_contents where type = ? and status = ?) tmp_count
[tale] 2020-09-21 02:58:33,638 DEBUG [blade-pool-58] org.sql2o.Query | Executing query:
select count(0) from (select allow_comment,allow_feed,allow_ping,author_id,categories,cid,comments_num,content,created,fmt_type,hits,modified,slug,status,tags,thumb_img,title,type from t_contents where type = ? and status = ?) tmp_count
[tale] 2020-09-21 02:58:33,639 DEBUG [blade-pool-58] org.sql2o.Query | total: 1 ms; executed scalar [No name]
[tale] 2020-09-21 02:58:33,639 DEBUG [blade-pool-58] org.sql2o.Query | Executing query:
select allow_comment,allow_feed,allow_ping,author_id,categories,cid,comments_num,content,created,fmt_type,hits,modified,slug,status,tags,thumb_img,title,type from t_contents where type = ? and status = ? order by created desc limit 0,12
[tale] 2020-09-21 02:58:33,641 DEBUG [blade-pool-58] org.sql2o.Query | total: 2 ms, execution: 1 ms, reading and parsing: 1 ms; executed [null]
[tale] 2020-09-21 02:58:33,641 DEBUG [blade-pool-58] org.sql2o.Query | Executing query:
select a.*, count(b.cid) as count from t_metas a left join `t_relationships` b on a.mid = b.mid where a.type = ? group by a.mid order by count desc, a.mid desc limit ?
[tale] 2020-09-21 02:58:33,642 DEBUG [blade-pool-58] org.sql2o.Query | total: 1 ms, execution: 1 ms, reading and parsing: 0 ms; executed [null]
[tale] 2020-09-21 02:58:33,642 DEBUG [blade-pool-58] org.sql2o.Query | Executing query:
select a.*, count(b.cid) as count from t_metas a left join `t_relationships` b on a.mid = b.mid where a.type = ? group by a.mid order by count desc, a.mid desc limit ?
[tale] 2020-09-21 02:58:33,643 DEBUG [blade-pool-58] org.sql2o.Query | total: 1 ms, execution: 1 ms, reading and parsing: 0 ms; executed [null]
[tale] 2020-09-21 03:52:43,799 INFO  [blade-pool-49] com.blade.mvc.dispatch.DispatcherHandler | GET	/config/getuser	HTTP/1.1
[tale] 2020-09-21 04:13:41,358 INFO  [blade-pool-49] com.blade.mvc.dispatch.DispatcherHandler | GET	/	HTTP/1.1
[tale] 2020-09-21 04:13:41,360 INFO  [blade-pool-49] com.tale.interceptor.BaseInterceptor | UserAgent: Sogou web spider/4.0(+http://www.sogou.com/docs/help/webmasters.htm#07)
[tale] 2020-09-21 04:13:41,360 INFO  [blade-pool-49] com.tale.interceptor.BaseInterceptor | 用户访问地址: /, 来路地址: 123.183.224.130
[tale] 2020-09-21 04:13:41,362 DEBUG [blade-pool-49] org.sql2o.Query | Executing query:
select count(0) from (select allow_comment,allow_feed,allow_ping,author_id,categories,cid,comments_num,content,created,fmt_type,hits,modified,slug,status,tags,thumb_img,title,type from t_contents where type = ? and status = ?) tmp_count
[tale] 2020-09-21 04:13:41,362 DEBUG [blade-pool-49] org.sql2o.Query | Executing query:
select count(0) from (select allow_comment,allow_feed,allow_ping,author_id,categories,cid,comments_num,content,created,fmt_type,hits,modified,slug,status,tags,thumb_img,title,type from t_contents where type = ? and status = ?) tmp_count
[tale] 2020-09-21 04:13:41,364 DEBUG [blade-pool-49] org.sql2o.Query | total: 2 ms; executed scalar [No name]
[tale] 2020-09-21 04:13:41,364 DEBUG [blade-pool-49] org.sql2o.Query | Executing query:
select allow_comment,allow_feed,allow_ping,author_id,categories,cid,comments_num,content,created,fmt_type,hits,modified,slug,status,tags,thumb_img,title,type from t_contents where type = ? and status = ? order by created desc limit 0,12
[tale] 2020-09-21 04:13:41,368 DEBUG [blade-pool-49] org.sql2o.Query | total: 4 ms, execution: 2 ms, reading and parsing: 2 ms; executed [null]
[tale] 2020-09-21 04:13:41,372 DEBUG [blade-pool-49] org.sql2o.Query | Executing query:
select a.*, count(b.cid) as count from t_metas a left join `t_relationships` b on a.mid = b.mid where a.type = ? group by a.mid order by count desc, a.mid desc limit ?
[tale] 2020-09-21 04:13:41,373 DEBUG [blade-pool-49] org.sql2o.Query | total: 1 ms, execution: 0 ms, reading and parsing: 1 ms; executed [null]
[tale] 2020-09-21 04:13:41,373 DEBUG [blade-pool-49] org.sql2o.Query | Executing query:
select a.*, count(b.cid) as count from t_metas a left join `t_relationships` b on a.mid = b.mid where a.type = ? group by a.mid order by count desc, a.mid desc limit ?
[tale] 2020-09-21 04:13:41,373 DEBUG [blade-pool-49] org.sql2o.Query | total: 0 ms, execution: 0 ms, reading and parsing: 0 ms; executed [null]
[tale] 2020-09-21 04:23:18,557 INFO  [blade-pool-64] com.blade.mvc.dispatch.DispatcherHandler | GET	/setup.cgi	HTTP/1.0
[tale] 2020-09-21 04:23:18,559 INFO  [blade-pool-64] com.tale.interceptor.BaseInterceptor | UserAgent: null
[tale] 2020-09-21 04:23:18,559 INFO  [blade-pool-64] com.tale.interceptor.BaseInterceptor | 用户访问地址: /setup.cgi, 来路地址: 27.7.93.50
[tale] 2020-09-21 04:23:18,562 DEBUG [blade-pool-64] org.sql2o.Query | Executing query:
select allow_comment,allow_feed,allow_ping,author_id,categories,cid,comments_num,content,created,fmt_type,hits,modified,slug,status,tags,thumb_img,title,type from t_contents where slug = ?
[tale] 2020-09-21 04:23:18,564 DEBUG [blade-pool-64] org.sql2o.Query | total: 2 ms, execution: 2 ms, reading and parsing: 0 ms; executed [null]
[tale] 2020-09-21 04:23:31,955 INFO  [blade-pool-58] com.blade.mvc.dispatch.DispatcherHandler | GET	/	HTTP/1.0
[tale] 2020-09-21 04:23:31,955 INFO  [blade-pool-58] com.tale.interceptor.BaseInterceptor | UserAgent: Mozilla/5.0 (Windows NT 6.1) AppleWebKit/537.36 (KHTML, like Gecko) Chrome/67.0.3396.99 Safari/537.36
[tale] 2020-09-21 04:23:31,955 INFO  [blade-pool-58] com.tale.interceptor.BaseInterceptor | 用户访问地址: /, 来路地址: 109.234.37.227
[tale] 2020-09-21 04:23:31,970 DEBUG [blade-pool-58] org.sql2o.Query | Executing query:
select count(0) from (select allow_comment,allow_feed,allow_ping,author_id,categories,cid,comments_num,content,created,fmt_type,hits,modified,slug,status,tags,thumb_img,title,type from t_contents where type = ? and status = ?) tmp_count
[tale] 2020-09-21 04:23:31,970 DEBUG [blade-pool-58] org.sql2o.Query | Executing query:
select count(0) from (select allow_comment,allow_feed,allow_ping,author_id,categories,cid,comments_num,content,created,fmt_type,hits,modified,slug,status,tags,thumb_img,title,type from t_contents where type = ? and status = ?) tmp_count
[tale] 2020-09-21 04:23:31,971 DEBUG [blade-pool-58] org.sql2o.Query | total: 1 ms; executed scalar [No name]
[tale] 2020-09-21 04:23:31,971 DEBUG [blade-pool-58] org.sql2o.Query | Executing query:
select allow_comment,allow_feed,allow_ping,author_id,categories,cid,comments_num,content,created,fmt_type,hits,modified,slug,status,tags,thumb_img,title,type from t_contents where type = ? and status = ? order by created desc limit 0,12
[tale] 2020-09-21 04:23:31,974 DEBUG [blade-pool-58] org.sql2o.Query | total: 3 ms, execution: 1 ms, reading and parsing: 2 ms; executed [null]
[tale] 2020-09-21 04:23:31,974 DEBUG [blade-pool-58] org.sql2o.Query | Executing query:
select a.*, count(b.cid) as count from t_metas a left join `t_relationships` b on a.mid = b.mid where a.type = ? group by a.mid order by count desc, a.mid desc limit ?
[tale] 2020-09-21 04:23:31,975 DEBUG [blade-pool-58] org.sql2o.Query | total: 1 ms, execution: 1 ms, reading and parsing: 0 ms; executed [null]
[tale] 2020-09-21 04:23:31,975 DEBUG [blade-pool-58] org.sql2o.Query | Executing query:
select a.*, count(b.cid) as count from t_metas a left join `t_relationships` b on a.mid = b.mid where a.type = ? group by a.mid order by count desc, a.mid desc limit ?
[tale] 2020-09-21 04:23:31,976 DEBUG [blade-pool-58] org.sql2o.Query | total: 1 ms, execution: 1 ms, reading and parsing: 0 ms; executed [null]
[tale] 2020-09-21 04:33:15,284 INFO  [blade-pool-49] com.blade.mvc.dispatch.DispatcherHandler | GET	/	HTTP/1.1
[tale] 2020-09-21 04:33:15,286 INFO  [blade-pool-49] com.tale.interceptor.BaseInterceptor | UserAgent: Mozilla/5.0 (Windows NT 10.0; WOW64) AppleWebKit/537.36 (KHTML, like Gecko) Chrome/52.0.2743.116 Safari/537.36
[tale] 2020-09-21 04:33:15,286 INFO  [blade-pool-49] com.tale.interceptor.BaseInterceptor | 用户访问地址: /, 来路地址: 178.94.4.220
[tale] 2020-09-21 04:33:15,288 DEBUG [blade-pool-49] org.sql2o.Query | Executing query:
select count(0) from (select allow_comment,allow_feed,allow_ping,author_id,categories,cid,comments_num,content,created,fmt_type,hits,modified,slug,status,tags,thumb_img,title,type from t_contents where type = ? and status = ?) tmp_count
[tale] 2020-09-21 04:33:15,288 DEBUG [blade-pool-49] org.sql2o.Query | Executing query:
select count(0) from (select allow_comment,allow_feed,allow_ping,author_id,categories,cid,comments_num,content,created,fmt_type,hits,modified,slug,status,tags,thumb_img,title,type from t_contents where type = ? and status = ?) tmp_count
[tale] 2020-09-21 04:33:15,290 DEBUG [blade-pool-49] org.sql2o.Query | total: 2 ms; executed scalar [No name]
[tale] 2020-09-21 04:33:15,290 DEBUG [blade-pool-49] org.sql2o.Query | Executing query:
select allow_comment,allow_feed,allow_ping,author_id,categories,cid,comments_num,content,created,fmt_type,hits,modified,slug,status,tags,thumb_img,title,type from t_contents where type = ? and status = ? order by created desc limit 0,12
[tale] 2020-09-21 04:33:15,293 DEBUG [blade-pool-49] org.sql2o.Query | total: 3 ms, execution: 1 ms, reading and parsing: 2 ms; executed [null]
[tale] 2020-09-21 04:33:15,294 DEBUG [blade-pool-49] org.sql2o.Query | Executing query:
select a.*, count(b.cid) as count from t_metas a left join `t_relationships` b on a.mid = b.mid where a.type = ? group by a.mid order by count desc, a.mid desc limit ?
[tale] 2020-09-21 04:33:15,295 DEBUG [blade-pool-49] org.sql2o.Query | total: 1 ms, execution: 0 ms, reading and parsing: 1 ms; executed [null]
[tale] 2020-09-21 04:33:15,295 DEBUG [blade-pool-49] org.sql2o.Query | Executing query:
select a.*, count(b.cid) as count from t_metas a left join `t_relationships` b on a.mid = b.mid where a.type = ? group by a.mid order by count desc, a.mid desc limit ?
[tale] 2020-09-21 04:33:15,295 DEBUG [blade-pool-49] org.sql2o.Query | total: 0 ms, execution: 0 ms, reading and parsing: 0 ms; executed [null]
[tale] 2020-09-21 04:45:14,738 INFO  [blade-pool-65] com.blade.mvc.dispatch.DispatcherHandler | GET	/tag/批量操作	HTTP/1.1
[tale] 2020-09-21 04:45:14,742 INFO  [blade-pool-65] com.tale.interceptor.BaseInterceptor | UserAgent: Mozilla/5.0 (compatible; AhrefsBot/7.0; +http://ahrefs.com/robot/)
[tale] 2020-09-21 04:45:14,742 INFO  [blade-pool-65] com.tale.interceptor.BaseInterceptor | 用户访问地址: /tag/%E6%89%B9%E9%87%8F%E6%93%8D%E4%BD%9C, 来路地址: 54.36.148.215
[tale] 2020-09-21 04:45:14,747 DEBUG [blade-pool-65] org.sql2o.Query | Executing query:
select a.*, count(b.cid) as count from t_metas a left join `t_relationships` b on a.mid = b.mid where a.type = ? and a.name = ? group by a.mid
[tale] 2020-09-21 04:45:14,750 DEBUG [blade-pool-65] org.sql2o.Query | total: 3 ms, execution: 3 ms, reading and parsing: 0 ms; executed [null]
[tale] 2020-09-21 04:45:14,750 DEBUG [blade-pool-65] org.sql2o.Query | Executing query:
select count(0) from t_contents a left join t_relationships b on a.cid = b.cid where b.mid = ? and a.status = 'publish' and a.type = 'post'
[tale] 2020-09-21 04:45:14,752 DEBUG [blade-pool-65] org.sql2o.Query | total: 2 ms, execution: 2 ms, reading and parsing: 0 ms; executed [null]
[tale] 2020-09-21 04:45:14,752 DEBUG [blade-pool-65] org.sql2o.Query | Executing query:
select a.* from t_contents a left join t_relationships b on a.cid = b.cid where b.mid = ? and a.status = 'publish' and a.type = 'post' order by a.created desc limit 0,12
[tale] 2020-09-21 04:45:14,755 DEBUG [blade-pool-65] org.sql2o.Query | total: 3 ms, execution: 2 ms, reading and parsing: 1 ms; executed [null]
[tale] 2020-09-21 04:45:14,758 DEBUG [blade-pool-65] org.sql2o.Query | Executing query:
select a.*, count(b.cid) as count from t_metas a left join `t_relationships` b on a.mid = b.mid where a.type = ? group by a.mid order by count desc, a.mid desc limit ?
[tale] 2020-09-21 04:45:14,759 DEBUG [blade-pool-65] org.sql2o.Query | total: 1 ms, execution: 1 ms, reading and parsing: 0 ms; executed [null]
[tale] 2020-09-21 04:45:14,760 DEBUG [blade-pool-65] org.sql2o.Query | Executing query:
select a.*, count(b.cid) as count from t_metas a left join `t_relationships` b on a.mid = b.mid where a.type = ? group by a.mid order by count desc, a.mid desc limit ?
[tale] 2020-09-21 04:45:14,760 DEBUG [blade-pool-65] org.sql2o.Query | total: 0 ms, execution: 0 ms, reading and parsing: 0 ms; executed [null]
[tale] 2020-09-21 04:54:59,690 INFO  [blade-pool-49] com.blade.mvc.dispatch.DispatcherHandler | GET	/	HTTP/1.1
[tale] 2020-09-21 04:54:59,692 INFO  [blade-pool-49] com.tale.interceptor.BaseInterceptor | UserAgent: Mozilla/5.0 (Windows NT 6.1; WOW64) AppleWebKit/537.36 (KHTML, like Gecko) Chrome/51.0.2704.103 Safari/537.36
[tale] 2020-09-21 04:54:59,692 INFO  [blade-pool-49] com.tale.interceptor.BaseInterceptor | 用户访问地址: /, 来路地址: 122.102.27.26
[tale] 2020-09-21 04:54:59,694 DEBUG [blade-pool-49] org.sql2o.Query | Executing query:
select count(0) from (select allow_comment,allow_feed,allow_ping,author_id,categories,cid,comments_num,content,created,fmt_type,hits,modified,slug,status,tags,thumb_img,title,type from t_contents where type = ? and status = ?) tmp_count
[tale] 2020-09-21 04:54:59,694 DEBUG [blade-pool-49] org.sql2o.Query | Executing query:
select count(0) from (select allow_comment,allow_feed,allow_ping,author_id,categories,cid,comments_num,content,created,fmt_type,hits,modified,slug,status,tags,thumb_img,title,type from t_contents where type = ? and status = ?) tmp_count
[tale] 2020-09-21 04:54:59,696 DEBUG [blade-pool-49] org.sql2o.Query | total: 2 ms; executed scalar [No name]
[tale] 2020-09-21 04:54:59,696 DEBUG [blade-pool-49] org.sql2o.Query | Executing query:
select allow_comment,allow_feed,allow_ping,author_id,categories,cid,comments_num,content,created,fmt_type,hits,modified,slug,status,tags,thumb_img,title,type from t_contents where type = ? and status = ? order by created desc limit 0,12
[tale] 2020-09-21 04:54:59,700 DEBUG [blade-pool-49] org.sql2o.Query | total: 4 ms, execution: 1 ms, reading and parsing: 3 ms; executed [null]
[tale] 2020-09-21 04:54:59,704 DEBUG [blade-pool-49] org.sql2o.Query | Executing query:
select a.*, count(b.cid) as count from t_metas a left join `t_relationships` b on a.mid = b.mid where a.type = ? group by a.mid order by count desc, a.mid desc limit ?
[tale] 2020-09-21 04:54:59,705 DEBUG [blade-pool-49] org.sql2o.Query | total: 1 ms, execution: 1 ms, reading and parsing: 0 ms; executed [null]
[tale] 2020-09-21 04:54:59,706 DEBUG [blade-pool-49] org.sql2o.Query | Executing query:
select a.*, count(b.cid) as count from t_metas a left join `t_relationships` b on a.mid = b.mid where a.type = ? group by a.mid order by count desc, a.mid desc limit ?
[tale] 2020-09-21 04:54:59,706 DEBUG [blade-pool-49] org.sql2o.Query | total: 0 ms, execution: 0 ms, reading and parsing: 0 ms; executed [null]
[tale] 2020-09-21 05:43:53,238 INFO  [blade-pool-64] com.blade.mvc.dispatch.DispatcherHandler | POST	/GponForm/diag_Form	HTTP/1.1
[tale] 2020-09-21 06:45:43,917 INFO  [blade-pool-64] com.blade.mvc.dispatch.DispatcherHandler | GET	/tag/分表	HTTP/1.1
[tale] 2020-09-21 06:45:43,920 INFO  [blade-pool-64] com.tale.interceptor.BaseInterceptor | UserAgent: Mozilla/5.0 (compatible; AhrefsBot/7.0; +http://ahrefs.com/robot/)
[tale] 2020-09-21 06:45:43,920 INFO  [blade-pool-64] com.tale.interceptor.BaseInterceptor | 用户访问地址: /tag/%E5%88%86%E8%A1%A8, 来路地址: 54.36.149.26
[tale] 2020-09-21 06:45:43,924 DEBUG [blade-pool-64] org.sql2o.Query | Executing query:
select a.*, count(b.cid) as count from t_metas a left join `t_relationships` b on a.mid = b.mid where a.type = ? and a.name = ? group by a.mid
[tale] 2020-09-21 06:45:43,928 DEBUG [blade-pool-64] org.sql2o.Query | total: 4 ms, execution: 4 ms, reading and parsing: 0 ms; executed [null]
[tale] 2020-09-21 06:45:43,928 DEBUG [blade-pool-64] org.sql2o.Query | Executing query:
select count(0) from t_contents a left join t_relationships b on a.cid = b.cid where b.mid = ? and a.status = 'publish' and a.type = 'post'
[tale] 2020-09-21 06:45:43,930 DEBUG [blade-pool-64] org.sql2o.Query | total: 2 ms, execution: 2 ms, reading and parsing: 0 ms; executed [null]
[tale] 2020-09-21 06:45:43,931 DEBUG [blade-pool-64] org.sql2o.Query | Executing query:
select a.* from t_contents a left join t_relationships b on a.cid = b.cid where b.mid = ? and a.status = 'publish' and a.type = 'post' order by a.created desc limit 0,12
[tale] 2020-09-21 06:45:43,932 DEBUG [blade-pool-64] org.sql2o.Query | total: 1 ms, execution: 1 ms, reading and parsing: 0 ms; executed [null]
[tale] 2020-09-21 06:45:43,933 DEBUG [blade-pool-64] org.sql2o.Query | Executing query:
select a.*, count(b.cid) as count from t_metas a left join `t_relationships` b on a.mid = b.mid where a.type = ? group by a.mid order by count desc, a.mid desc limit ?
[tale] 2020-09-21 06:45:43,935 DEBUG [blade-pool-64] org.sql2o.Query | total: 2 ms, execution: 1 ms, reading and parsing: 1 ms; executed [null]
[tale] 2020-09-21 06:45:43,935 DEBUG [blade-pool-64] org.sql2o.Query | Executing query:
select a.*, count(b.cid) as count from t_metas a left join `t_relationships` b on a.mid = b.mid where a.type = ? group by a.mid order by count desc, a.mid desc limit ?
[tale] 2020-09-21 06:45:43,936 DEBUG [blade-pool-64] org.sql2o.Query | total: 1 ms, execution: 1 ms, reading and parsing: 0 ms; executed [null]
[tale] 2020-09-21 06:45:43,941 INFO  [blade-pool-49] com.blade.mvc.dispatch.DispatcherHandler | GET	/	HTTP/1.0
[tale] 2020-09-21 06:45:43,941 INFO  [blade-pool-49] com.tale.interceptor.BaseInterceptor | UserAgent: Mozilla/5.0 (Windows NT 6.1; Win64; x64) AppleWebKit/537.36 (KHTML, like Gecko) Chrome/66.0.3359.170 Safari/537.36 OPR/53.0.2907.99
[tale] 2020-09-21 06:45:43,941 INFO  [blade-pool-49] com.tale.interceptor.BaseInterceptor | 用户访问地址: /, 来路地址: 109.234.37.227
[tale] 2020-09-21 06:45:43,942 DEBUG [blade-pool-49] org.sql2o.Query | Executing query:
select count(0) from (select allow_comment,allow_feed,allow_ping,author_id,categories,cid,comments_num,content,created,fmt_type,hits,modified,slug,status,tags,thumb_img,title,type from t_contents where type = ? and status = ?) tmp_count
[tale] 2020-09-21 06:45:43,942 DEBUG [blade-pool-49] org.sql2o.Query | Executing query:
select count(0) from (select allow_comment,allow_feed,allow_ping,author_id,categories,cid,comments_num,content,created,fmt_type,hits,modified,slug,status,tags,thumb_img,title,type from t_contents where type = ? and status = ?) tmp_count
[tale] 2020-09-21 06:45:43,943 DEBUG [blade-pool-49] org.sql2o.Query | total: 1 ms; executed scalar [No name]
[tale] 2020-09-21 06:45:43,943 DEBUG [blade-pool-49] org.sql2o.Query | Executing query:
select allow_comment,allow_feed,allow_ping,author_id,categories,cid,comments_num,content,created,fmt_type,hits,modified,slug,status,tags,thumb_img,title,type from t_contents where type = ? and status = ? order by created desc limit 0,12
[tale] 2020-09-21 06:45:43,946 DEBUG [blade-pool-49] org.sql2o.Query | total: 3 ms, execution: 1 ms, reading and parsing: 2 ms; executed [null]
[tale] 2020-09-21 06:45:43,946 DEBUG [blade-pool-49] org.sql2o.Query | Executing query:
select a.*, count(b.cid) as count from t_metas a left join `t_relationships` b on a.mid = b.mid where a.type = ? group by a.mid order by count desc, a.mid desc limit ?
[tale] 2020-09-21 06:45:43,947 DEBUG [blade-pool-49] org.sql2o.Query | total: 1 ms, execution: 1 ms, reading and parsing: 0 ms; executed [null]
[tale] 2020-09-21 06:45:43,947 DEBUG [blade-pool-49] org.sql2o.Query | Executing query:
select a.*, count(b.cid) as count from t_metas a left join `t_relationships` b on a.mid = b.mid where a.type = ? group by a.mid order by count desc, a.mid desc limit ?
[tale] 2020-09-21 06:45:43,947 DEBUG [blade-pool-49] org.sql2o.Query | total: 0 ms, execution: 0 ms, reading and parsing: 0 ms; executed [null]
[tale] 2020-09-21 06:57:28,862 INFO  [blade-pool-65] com.blade.mvc.dispatch.DispatcherHandler | GET	/setup.cgi	HTTP/1.0
[tale] 2020-09-21 06:57:28,865 INFO  [blade-pool-65] com.tale.interceptor.BaseInterceptor | UserAgent: null
[tale] 2020-09-21 06:57:28,865 INFO  [blade-pool-65] com.tale.interceptor.BaseInterceptor | 用户访问地址: /setup.cgi, 来路地址: 202.83.42.94
[tale] 2020-09-21 06:57:28,867 DEBUG [blade-pool-65] org.sql2o.Query | Executing query:
select allow_comment,allow_feed,allow_ping,author_id,categories,cid,comments_num,content,created,fmt_type,hits,modified,slug,status,tags,thumb_img,title,type from t_contents where slug = ?
[tale] 2020-09-21 06:57:28,868 DEBUG [blade-pool-65] org.sql2o.Query | total: 1 ms, execution: 1 ms, reading and parsing: 0 ms; executed [null]
[tale] 2020-09-21 07:03:54,254 INFO  [blade-pool-58] com.blade.mvc.dispatch.DispatcherHandler | GET	/	HTTP/1.1
[tale] 2020-09-21 07:03:54,256 INFO  [blade-pool-58] com.tale.interceptor.BaseInterceptor | UserAgent: Mozilla/5.0 (Windows NT 10.0; WOW64) AppleWebKit/537.36 (KHTML, like Gecko) Chrome/51.0.2704.103 Safari/537.36
[tale] 2020-09-21 07:03:54,256 INFO  [blade-pool-58] com.tale.interceptor.BaseInterceptor | 用户访问地址: /, 来路地址: 103.78.180.48
[tale] 2020-09-21 07:03:54,259 DEBUG [blade-pool-58] org.sql2o.Query | Executing query:
select count(0) from (select allow_comment,allow_feed,allow_ping,author_id,categories,cid,comments_num,content,created,fmt_type,hits,modified,slug,status,tags,thumb_img,title,type from t_contents where type = ? and status = ?) tmp_count
[tale] 2020-09-21 07:03:54,259 DEBUG [blade-pool-58] org.sql2o.Query | Executing query:
select count(0) from (select allow_comment,allow_feed,allow_ping,author_id,categories,cid,comments_num,content,created,fmt_type,hits,modified,slug,status,tags,thumb_img,title,type from t_contents where type = ? and status = ?) tmp_count
[tale] 2020-09-21 07:03:54,262 DEBUG [blade-pool-58] org.sql2o.Query | total: 2 ms; executed scalar [No name]
[tale] 2020-09-21 07:03:54,262 DEBUG [blade-pool-58] org.sql2o.Query | Executing query:
select allow_comment,allow_feed,allow_ping,author_id,categories,cid,comments_num,content,created,fmt_type,hits,modified,slug,status,tags,thumb_img,title,type from t_contents where type = ? and status = ? order by created desc limit 0,12
[tale] 2020-09-21 07:03:54,268 DEBUG [blade-pool-58] org.sql2o.Query | total: 6 ms, execution: 1 ms, reading and parsing: 5 ms; executed [null]
[tale] 2020-09-21 07:03:54,269 DEBUG [blade-pool-58] org.sql2o.Query | Executing query:
select a.*, count(b.cid) as count from t_metas a left join `t_relationships` b on a.mid = b.mid where a.type = ? group by a.mid order by count desc, a.mid desc limit ?
[tale] 2020-09-21 07:03:54,271 DEBUG [blade-pool-58] org.sql2o.Query | total: 2 ms, execution: 2 ms, reading and parsing: 0 ms; executed [null]
[tale] 2020-09-21 07:03:54,272 DEBUG [blade-pool-58] org.sql2o.Query | Executing query:
select a.*, count(b.cid) as count from t_metas a left join `t_relationships` b on a.mid = b.mid where a.type = ? group by a.mid order by count desc, a.mid desc limit ?
[tale] 2020-09-21 07:03:54,272 DEBUG [blade-pool-58] org.sql2o.Query | total: 0 ms, execution: 0 ms, reading and parsing: 0 ms; executed [null]
[tale] 2020-09-21 07:12:20,559 INFO  [blade-pool-64] com.blade.mvc.dispatch.DispatcherHandler | GET	/	HTTP/1.1
[tale] 2020-09-21 07:12:20,561 INFO  [blade-pool-64] com.tale.interceptor.BaseInterceptor | UserAgent: Mozilla/5.0 (Windows NT 10.0; WOW64) AppleWebKit/537.36 (KHTML, like Gecko) Chrome/51.0.2704.103 Safari/537.36
[tale] 2020-09-21 07:12:20,561 INFO  [blade-pool-64] com.tale.interceptor.BaseInterceptor | 用户访问地址: /, 来路地址: 109.203.160.68
[tale] 2020-09-21 07:12:20,564 DEBUG [blade-pool-64] org.sql2o.Query | Executing query:
select count(0) from (select allow_comment,allow_feed,allow_ping,author_id,categories,cid,comments_num,content,created,fmt_type,hits,modified,slug,status,tags,thumb_img,title,type from t_contents where type = ? and status = ?) tmp_count
[tale] 2020-09-21 07:12:20,564 DEBUG [blade-pool-64] org.sql2o.Query | Executing query:
select count(0) from (select allow_comment,allow_feed,allow_ping,author_id,categories,cid,comments_num,content,created,fmt_type,hits,modified,slug,status,tags,thumb_img,title,type from t_contents where type = ? and status = ?) tmp_count
[tale] 2020-09-21 07:12:20,566 DEBUG [blade-pool-64] org.sql2o.Query | total: 2 ms; executed scalar [No name]
[tale] 2020-09-21 07:12:20,566 DEBUG [blade-pool-64] org.sql2o.Query | Executing query:
select allow_comment,allow_feed,allow_ping,author_id,categories,cid,comments_num,content,created,fmt_type,hits,modified,slug,status,tags,thumb_img,title,type from t_contents where type = ? and status = ? order by created desc limit 0,12
[tale] 2020-09-21 07:12:20,576 DEBUG [blade-pool-64] org.sql2o.Query | total: 10 ms, execution: 7 ms, reading and parsing: 3 ms; executed [null]
[tale] 2020-09-21 07:12:20,577 DEBUG [blade-pool-64] org.sql2o.Query | Executing query:
select a.*, count(b.cid) as count from t_metas a left join `t_relationships` b on a.mid = b.mid where a.type = ? group by a.mid order by count desc, a.mid desc limit ?
[tale] 2020-09-21 07:12:20,579 DEBUG [blade-pool-64] org.sql2o.Query | total: 2 ms, execution: 2 ms, reading and parsing: 0 ms; executed [null]
[tale] 2020-09-21 07:12:20,580 DEBUG [blade-pool-64] org.sql2o.Query | Executing query:
select a.*, count(b.cid) as count from t_metas a left join `t_relationships` b on a.mid = b.mid where a.type = ? group by a.mid order by count desc, a.mid desc limit ?
[tale] 2020-09-21 07:12:20,580 DEBUG [blade-pool-64] org.sql2o.Query | total: 0 ms, execution: 0 ms, reading and parsing: 0 ms; executed [null]
[tale] 2020-09-21 07:44:02,200 INFO  [blade-pool-49] com.blade.mvc.dispatch.DispatcherHandler | GET	/	HTTP/1.1
[tale] 2020-09-21 07:44:02,202 INFO  [blade-pool-49] com.tale.interceptor.BaseInterceptor | UserAgent: Mozilla/5.0 (compatible; AhrefsBot/7.0; +http://ahrefs.com/robot/)
[tale] 2020-09-21 07:44:02,202 INFO  [blade-pool-49] com.tale.interceptor.BaseInterceptor | 用户访问地址: /, 来路地址: 54.36.148.47
[tale] 2020-09-21 07:44:02,204 DEBUG [blade-pool-49] org.sql2o.Query | Executing query:
select count(0) from (select allow_comment,allow_feed,allow_ping,author_id,categories,cid,comments_num,content,created,fmt_type,hits,modified,slug,status,tags,thumb_img,title,type from t_contents where type = ? and status = ?) tmp_count
[tale] 2020-09-21 07:44:02,204 DEBUG [blade-pool-49] org.sql2o.Query | Executing query:
select count(0) from (select allow_comment,allow_feed,allow_ping,author_id,categories,cid,comments_num,content,created,fmt_type,hits,modified,slug,status,tags,thumb_img,title,type from t_contents where type = ? and status = ?) tmp_count
[tale] 2020-09-21 07:44:02,205 DEBUG [blade-pool-49] org.sql2o.Query | total: 1 ms; executed scalar [No name]
[tale] 2020-09-21 07:44:02,205 DEBUG [blade-pool-49] org.sql2o.Query | Executing query:
select allow_comment,allow_feed,allow_ping,author_id,categories,cid,comments_num,content,created,fmt_type,hits,modified,slug,status,tags,thumb_img,title,type from t_contents where type = ? and status = ? order by created desc limit 0,12
[tale] 2020-09-21 07:44:02,209 DEBUG [blade-pool-49] org.sql2o.Query | total: 4 ms, execution: 1 ms, reading and parsing: 3 ms; executed [null]
[tale] 2020-09-21 07:44:02,213 DEBUG [blade-pool-49] org.sql2o.Query | Executing query:
select a.*, count(b.cid) as count from t_metas a left join `t_relationships` b on a.mid = b.mid where a.type = ? group by a.mid order by count desc, a.mid desc limit ?
[tale] 2020-09-21 07:44:02,214 DEBUG [blade-pool-49] org.sql2o.Query | total: 1 ms, execution: 0 ms, reading and parsing: 1 ms; executed [null]
[tale] 2020-09-21 07:44:02,214 DEBUG [blade-pool-49] org.sql2o.Query | Executing query:
select a.*, count(b.cid) as count from t_metas a left join `t_relationships` b on a.mid = b.mid where a.type = ? group by a.mid order by count desc, a.mid desc limit ?
[tale] 2020-09-21 07:44:02,214 DEBUG [blade-pool-49] org.sql2o.Query | total: 0 ms, execution: 0 ms, reading and parsing: 0 ms; executed [null]
[tale] 2020-09-21 07:50:02,331 INFO  [blade-pool-64] com.blade.mvc.dispatch.DispatcherHandler | POST	/goform/webLogin	HTTP/1.1
[tale] 2020-09-21 08:05:39,759 INFO  [blade-pool-64] com.blade.mvc.dispatch.DispatcherHandler | GET	/	HTTP/1.1
[tale] 2020-09-21 08:05:39,760 INFO  [blade-pool-64] com.tale.interceptor.BaseInterceptor | UserAgent: Mozilla/4.0 (compatible; MSIE 6.0; Windows NT 5.1; SV1; .NET CLR 1.1.4322)
[tale] 2020-09-21 08:05:39,760 INFO  [blade-pool-64] com.tale.interceptor.BaseInterceptor | 用户访问地址: /, 来路地址: 199.195.254.185
[tale] 2020-09-21 08:05:39,762 DEBUG [blade-pool-64] org.sql2o.Query | Executing query:
select count(0) from (select allow_comment,allow_feed,allow_ping,author_id,categories,cid,comments_num,content,created,fmt_type,hits,modified,slug,status,tags,thumb_img,title,type from t_contents where type = ? and status = ?) tmp_count
[tale] 2020-09-21 08:05:39,762 DEBUG [blade-pool-64] org.sql2o.Query | Executing query:
select count(0) from (select allow_comment,allow_feed,allow_ping,author_id,categories,cid,comments_num,content,created,fmt_type,hits,modified,slug,status,tags,thumb_img,title,type from t_contents where type = ? and status = ?) tmp_count
[tale] 2020-09-21 08:05:39,764 DEBUG [blade-pool-64] org.sql2o.Query | total: 2 ms; executed scalar [No name]
[tale] 2020-09-21 08:05:39,764 DEBUG [blade-pool-64] org.sql2o.Query | Executing query:
select allow_comment,allow_feed,allow_ping,author_id,categories,cid,comments_num,content,created,fmt_type,hits,modified,slug,status,tags,thumb_img,title,type from t_contents where type = ? and status = ? order by created desc limit 0,12
[tale] 2020-09-21 08:05:39,767 DEBUG [blade-pool-64] org.sql2o.Query | total: 3 ms, execution: 1 ms, reading and parsing: 2 ms; executed [null]
[tale] 2020-09-21 08:05:39,768 DEBUG [blade-pool-64] org.sql2o.Query | Executing query:
select a.*, count(b.cid) as count from t_metas a left join `t_relationships` b on a.mid = b.mid where a.type = ? group by a.mid order by count desc, a.mid desc limit ?
[tale] 2020-09-21 08:05:39,769 DEBUG [blade-pool-64] org.sql2o.Query | total: 1 ms, execution: 0 ms, reading and parsing: 1 ms; executed [null]
[tale] 2020-09-21 08:05:39,769 DEBUG [blade-pool-64] org.sql2o.Query | Executing query:
select a.*, count(b.cid) as count from t_metas a left join `t_relationships` b on a.mid = b.mid where a.type = ? group by a.mid order by count desc, a.mid desc limit ?
[tale] 2020-09-21 08:05:39,770 DEBUG [blade-pool-64] org.sql2o.Query | total: 1 ms, execution: 1 ms, reading and parsing: 0 ms; executed [null]
[tale] 2020-09-21 09:00:20,274 INFO  [blade-pool-49] com.blade.mvc.dispatch.DispatcherHandler | POST	/boaform/admin/formLogin	HTTP/1.1
[tale] 2020-09-21 09:14:54,441 INFO  [blade-pool-49] com.blade.mvc.dispatch.DispatcherHandler | GET	/tag/摘录	HTTP/1.1
[tale] 2020-09-21 09:14:54,443 INFO  [blade-pool-49] com.tale.interceptor.BaseInterceptor | UserAgent: Mozilla/5.0 (compatible; AhrefsBot/7.0; +http://ahrefs.com/robot/)
[tale] 2020-09-21 09:14:54,443 INFO  [blade-pool-49] com.tale.interceptor.BaseInterceptor | 用户访问地址: /tag/%E6%91%98%E5%BD%95, 来路地址: 54.36.148.152
[tale] 2020-09-21 09:14:54,445 DEBUG [blade-pool-49] org.sql2o.Query | Executing query:
select a.*, count(b.cid) as count from t_metas a left join `t_relationships` b on a.mid = b.mid where a.type = ? and a.name = ? group by a.mid
[tale] 2020-09-21 09:14:54,446 DEBUG [blade-pool-49] org.sql2o.Query | total: 1 ms, execution: 1 ms, reading and parsing: 0 ms; executed [null]
[tale] 2020-09-21 09:14:54,447 DEBUG [blade-pool-49] org.sql2o.Query | Executing query:
select count(0) from t_contents a left join t_relationships b on a.cid = b.cid where b.mid = ? and a.status = 'publish' and a.type = 'post'
[tale] 2020-09-21 09:14:54,447 DEBUG [blade-pool-49] org.sql2o.Query | total: 0 ms, execution: 0 ms, reading and parsing: 0 ms; executed [null]
[tale] 2020-09-21 09:14:54,448 DEBUG [blade-pool-49] org.sql2o.Query | Executing query:
select a.* from t_contents a left join t_relationships b on a.cid = b.cid where b.mid = ? and a.status = 'publish' and a.type = 'post' order by a.created desc limit 0,12
[tale] 2020-09-21 09:14:54,449 DEBUG [blade-pool-49] org.sql2o.Query | total: 1 ms, execution: 1 ms, reading and parsing: 0 ms; executed [null]
[tale] 2020-09-21 09:14:54,450 DEBUG [blade-pool-49] org.sql2o.Query | Executing query:
select a.*, count(b.cid) as count from t_metas a left join `t_relationships` b on a.mid = b.mid where a.type = ? group by a.mid order by count desc, a.mid desc limit ?
[tale] 2020-09-21 09:14:54,451 DEBUG [blade-pool-49] org.sql2o.Query | total: 1 ms, execution: 0 ms, reading and parsing: 1 ms; executed [null]
[tale] 2020-09-21 09:14:54,451 DEBUG [blade-pool-49] org.sql2o.Query | Executing query:
select a.*, count(b.cid) as count from t_metas a left join `t_relationships` b on a.mid = b.mid where a.type = ? group by a.mid order by count desc, a.mid desc limit ?
[tale] 2020-09-21 09:14:54,451 DEBUG [blade-pool-49] org.sql2o.Query | total: 0 ms, execution: 0 ms, reading and parsing: 0 ms; executed [null]
[tale] 2020-09-21 09:39:22,266 INFO  [blade-pool-58] com.blade.mvc.dispatch.DispatcherHandler | GET	/	HTTP/1.1
[tale] 2020-09-21 09:39:22,267 INFO  [blade-pool-58] com.tale.interceptor.BaseInterceptor | UserAgent: Mozilla/5.0 (Windows NT 10.0; Win64; x64) AppleWebKit/537.36 (KHTML, like Gecko) Chrome/60.0.3112.113 Safari/537.36
[tale] 2020-09-21 09:39:22,267 INFO  [blade-pool-58] com.tale.interceptor.BaseInterceptor | 用户访问地址: /, 来路地址: 198.143.158.178
[tale] 2020-09-21 09:39:22,269 DEBUG [blade-pool-58] org.sql2o.Query | Executing query:
select count(0) from (select allow_comment,allow_feed,allow_ping,author_id,categories,cid,comments_num,content,created,fmt_type,hits,modified,slug,status,tags,thumb_img,title,type from t_contents where type = ? and status = ?) tmp_count
[tale] 2020-09-21 09:39:22,269 DEBUG [blade-pool-58] org.sql2o.Query | Executing query:
select count(0) from (select allow_comment,allow_feed,allow_ping,author_id,categories,cid,comments_num,content,created,fmt_type,hits,modified,slug,status,tags,thumb_img,title,type from t_contents where type = ? and status = ?) tmp_count
[tale] 2020-09-21 09:39:22,271 DEBUG [blade-pool-58] org.sql2o.Query | total: 2 ms; executed scalar [No name]
[tale] 2020-09-21 09:39:22,271 DEBUG [blade-pool-58] org.sql2o.Query | Executing query:
select allow_comment,allow_feed,allow_ping,author_id,categories,cid,comments_num,content,created,fmt_type,hits,modified,slug,status,tags,thumb_img,title,type from t_contents where type = ? and status = ? order by created desc limit 0,12
[tale] 2020-09-21 09:39:22,273 DEBUG [blade-pool-58] org.sql2o.Query | total: 2 ms, execution: 1 ms, reading and parsing: 1 ms; executed [null]
[tale] 2020-09-21 09:39:22,277 DEBUG [blade-pool-58] org.sql2o.Query | Executing query:
select a.*, count(b.cid) as count from t_metas a left join `t_relationships` b on a.mid = b.mid where a.type = ? group by a.mid order by count desc, a.mid desc limit ?
[tale] 2020-09-21 09:39:22,277 DEBUG [blade-pool-58] org.sql2o.Query | total: 0 ms, execution: 0 ms, reading and parsing: 0 ms; executed [null]
[tale] 2020-09-21 09:39:22,278 DEBUG [blade-pool-58] org.sql2o.Query | Executing query:
select a.*, count(b.cid) as count from t_metas a left join `t_relationships` b on a.mid = b.mid where a.type = ? group by a.mid order by count desc, a.mid desc limit ?
[tale] 2020-09-21 09:39:22,278 DEBUG [blade-pool-58] org.sql2o.Query | total: 0 ms, execution: 0 ms, reading and parsing: 0 ms; executed [null]
[tale] 2020-09-21 09:44:22,285 INFO  [blade-pool-64] com.blade.mvc.dispatch.DispatcherHandler | GET	/tag/分库	HTTP/1.1
[tale] 2020-09-21 09:44:22,287 INFO  [blade-pool-64] com.tale.interceptor.BaseInterceptor | UserAgent: Mozilla/5.0 (compatible; Baiduspider/2.0; +http://www.baidu.com/search/spider.html)
[tale] 2020-09-21 09:44:22,287 INFO  [blade-pool-64] com.tale.interceptor.BaseInterceptor | 用户访问地址: /tag/%E5%88%86%E5%BA%93, 来路地址: 220.181.108.168
[tale] 2020-09-21 09:44:22,291 DEBUG [blade-pool-64] org.sql2o.Query | Executing query:
select a.*, count(b.cid) as count from t_metas a left join `t_relationships` b on a.mid = b.mid where a.type = ? and a.name = ? group by a.mid
[tale] 2020-09-21 09:44:22,294 DEBUG [blade-pool-64] org.sql2o.Query | total: 3 ms, execution: 1 ms, reading and parsing: 2 ms; executed [null]
[tale] 2020-09-21 09:44:22,295 DEBUG [blade-pool-64] org.sql2o.Query | Executing query:
select count(0) from t_contents a left join t_relationships b on a.cid = b.cid where b.mid = ? and a.status = 'publish' and a.type = 'post'
[tale] 2020-09-21 09:44:22,296 DEBUG [blade-pool-64] org.sql2o.Query | total: 1 ms, execution: 1 ms, reading and parsing: 0 ms; executed [null]
[tale] 2020-09-21 09:44:22,296 DEBUG [blade-pool-64] org.sql2o.Query | Executing query:
select a.* from t_contents a left join t_relationships b on a.cid = b.cid where b.mid = ? and a.status = 'publish' and a.type = 'post' order by a.created desc limit 0,12
[tale] 2020-09-21 09:44:22,298 DEBUG [blade-pool-64] org.sql2o.Query | total: 2 ms, execution: 1 ms, reading and parsing: 1 ms; executed [null]
[tale] 2020-09-21 09:44:22,301 DEBUG [blade-pool-64] org.sql2o.Query | Executing query:
select a.*, count(b.cid) as count from t_metas a left join `t_relationships` b on a.mid = b.mid where a.type = ? group by a.mid order by count desc, a.mid desc limit ?
[tale] 2020-09-21 09:44:22,302 DEBUG [blade-pool-64] org.sql2o.Query | total: 1 ms, execution: 0 ms, reading and parsing: 1 ms; executed [null]
[tale] 2020-09-21 09:44:22,302 DEBUG [blade-pool-64] org.sql2o.Query | Executing query:
select a.*, count(b.cid) as count from t_metas a left join `t_relationships` b on a.mid = b.mid where a.type = ? group by a.mid order by count desc, a.mid desc limit ?
[tale] 2020-09-21 09:44:22,302 DEBUG [blade-pool-64] org.sql2o.Query | total: 0 ms, execution: 0 ms, reading and parsing: 0 ms; executed [null]
[tale] 2020-09-21 10:04:18,498 INFO  [blade-pool-64] com.blade.mvc.dispatch.DispatcherHandler | POST	/boaform/admin/formLogin	HTTP/1.1
[tale] 2020-09-21 10:44:43,716 INFO  [blade-pool-64] com.blade.mvc.dispatch.DispatcherHandler | GET	/tag/定时任务	HTTP/1.1
[tale] 2020-09-21 10:44:43,719 INFO  [blade-pool-64] com.tale.interceptor.BaseInterceptor | UserAgent: Mozilla/5.0 (compatible; AhrefsBot/7.0; +http://ahrefs.com/robot/)
[tale] 2020-09-21 10:44:43,719 INFO  [blade-pool-64] com.tale.interceptor.BaseInterceptor | 用户访问地址: /tag/%E5%AE%9A%E6%97%B6%E4%BB%BB%E5%8A%A1, 来路地址: 54.36.148.47
[tale] 2020-09-21 10:44:43,727 DEBUG [blade-pool-64] org.sql2o.Query | Executing query:
select a.*, count(b.cid) as count from t_metas a left join `t_relationships` b on a.mid = b.mid where a.type = ? and a.name = ? group by a.mid
[tale] 2020-09-21 10:44:43,730 DEBUG [blade-pool-64] org.sql2o.Query | total: 3 ms, execution: 3 ms, reading and parsing: 0 ms; executed [null]
[tale] 2020-09-21 10:44:43,731 DEBUG [blade-pool-64] org.sql2o.Query | Executing query:
select count(0) from t_contents a left join t_relationships b on a.cid = b.cid where b.mid = ? and a.status = 'publish' and a.type = 'post'
[tale] 2020-09-21 10:44:43,732 DEBUG [blade-pool-64] org.sql2o.Query | total: 1 ms, execution: 1 ms, reading and parsing: 0 ms; executed [null]
[tale] 2020-09-21 10:44:43,733 DEBUG [blade-pool-64] org.sql2o.Query | Executing query:
select a.* from t_contents a left join t_relationships b on a.cid = b.cid where b.mid = ? and a.status = 'publish' and a.type = 'post' order by a.created desc limit 0,12
[tale] 2020-09-21 10:44:43,734 DEBUG [blade-pool-64] org.sql2o.Query | total: 1 ms, execution: 1 ms, reading and parsing: 0 ms; executed [null]
[tale] 2020-09-21 10:44:43,735 DEBUG [blade-pool-64] org.sql2o.Query | Executing query:
select a.*, count(b.cid) as count from t_metas a left join `t_relationships` b on a.mid = b.mid where a.type = ? group by a.mid order by count desc, a.mid desc limit ?
[tale] 2020-09-21 10:44:43,737 DEBUG [blade-pool-64] org.sql2o.Query | total: 2 ms, execution: 0 ms, reading and parsing: 2 ms; executed [null]
[tale] 2020-09-21 10:44:43,738 DEBUG [blade-pool-64] org.sql2o.Query | Executing query:
select a.*, count(b.cid) as count from t_metas a left join `t_relationships` b on a.mid = b.mid where a.type = ? group by a.mid order by count desc, a.mid desc limit ?
[tale] 2020-09-21 10:44:43,738 DEBUG [blade-pool-64] org.sql2o.Query | total: 0 ms, execution: 0 ms, reading and parsing: 0 ms; executed [null]
[tale] 2020-09-21 11:04:41,216 INFO  [blade-pool-49] com.blade.mvc.dispatch.DispatcherHandler | GET	/	HTTP/1.1
[tale] 2020-09-21 11:04:41,218 INFO  [blade-pool-49] com.tale.interceptor.BaseInterceptor | UserAgent: python-requests/2.24.0
[tale] 2020-09-21 11:04:41,218 INFO  [blade-pool-49] com.tale.interceptor.BaseInterceptor | 用户访问地址: /, 来路地址: 34.76.17.151
[tale] 2020-09-21 11:04:41,221 DEBUG [blade-pool-49] org.sql2o.Query | Executing query:
select count(0) from (select allow_comment,allow_feed,allow_ping,author_id,categories,cid,comments_num,content,created,fmt_type,hits,modified,slug,status,tags,thumb_img,title,type from t_contents where type = ? and status = ?) tmp_count
[tale] 2020-09-21 11:04:41,221 DEBUG [blade-pool-49] org.sql2o.Query | Executing query:
select count(0) from (select allow_comment,allow_feed,allow_ping,author_id,categories,cid,comments_num,content,created,fmt_type,hits,modified,slug,status,tags,thumb_img,title,type from t_contents where type = ? and status = ?) tmp_count
[tale] 2020-09-21 11:04:41,223 DEBUG [blade-pool-49] org.sql2o.Query | total: 2 ms; executed scalar [No name]
[tale] 2020-09-21 11:04:41,223 DEBUG [blade-pool-49] org.sql2o.Query | Executing query:
select allow_comment,allow_feed,allow_ping,author_id,categories,cid,comments_num,content,created,fmt_type,hits,modified,slug,status,tags,thumb_img,title,type from t_contents where type = ? and status = ? order by created desc limit 0,12
[tale] 2020-09-21 11:04:41,229 DEBUG [blade-pool-49] org.sql2o.Query | total: 6 ms, execution: 3 ms, reading and parsing: 3 ms; executed [null]
[tale] 2020-09-21 11:04:41,233 DEBUG [blade-pool-49] org.sql2o.Query | Executing query:
select a.*, count(b.cid) as count from t_metas a left join `t_relationships` b on a.mid = b.mid where a.type = ? group by a.mid order by count desc, a.mid desc limit ?
[tale] 2020-09-21 11:04:41,234 DEBUG [blade-pool-49] org.sql2o.Query | total: 1 ms, execution: 1 ms, reading and parsing: 0 ms; executed [null]
[tale] 2020-09-21 11:04:41,235 DEBUG [blade-pool-49] org.sql2o.Query | Executing query:
select a.*, count(b.cid) as count from t_metas a left join `t_relationships` b on a.mid = b.mid where a.type = ? group by a.mid order by count desc, a.mid desc limit ?
[tale] 2020-09-21 11:04:41,235 DEBUG [blade-pool-49] org.sql2o.Query | total: 0 ms, execution: 0 ms, reading and parsing: 0 ms; executed [null]
[tale] 2020-09-21 11:45:19,230 INFO  [blade-pool-64] com.blade.mvc.dispatch.DispatcherHandler | GET	/	HTTP/1.1
[tale] 2020-09-21 11:45:19,233 INFO  [blade-pool-64] com.tale.interceptor.BaseInterceptor | UserAgent: Go-http-client/1.1
[tale] 2020-09-21 11:45:19,233 INFO  [blade-pool-64] com.tale.interceptor.BaseInterceptor | 用户访问地址: /, 来路地址: 132.232.75.2
[tale] 2020-09-21 11:45:19,236 DEBUG [blade-pool-64] org.sql2o.Query | Executing query:
select count(0) from (select allow_comment,allow_feed,allow_ping,author_id,categories,cid,comments_num,content,created,fmt_type,hits,modified,slug,status,tags,thumb_img,title,type from t_contents where type = ? and status = ?) tmp_count
[tale] 2020-09-21 11:45:19,236 DEBUG [blade-pool-64] org.sql2o.Query | Executing query:
select count(0) from (select allow_comment,allow_feed,allow_ping,author_id,categories,cid,comments_num,content,created,fmt_type,hits,modified,slug,status,tags,thumb_img,title,type from t_contents where type = ? and status = ?) tmp_count
[tale] 2020-09-21 11:45:19,240 DEBUG [blade-pool-64] org.sql2o.Query | total: 4 ms; executed scalar [No name]
[tale] 2020-09-21 11:45:19,240 DEBUG [blade-pool-64] org.sql2o.Query | Executing query:
select allow_comment,allow_feed,allow_ping,author_id,categories,cid,comments_num,content,created,fmt_type,hits,modified,slug,status,tags,thumb_img,title,type from t_contents where type = ? and status = ? order by created desc limit 0,12
[tale] 2020-09-21 11:45:19,260 DEBUG [blade-pool-64] org.sql2o.Query | total: 20 ms, execution: 1 ms, reading and parsing: 19 ms; executed [null]
[tale] 2020-09-21 11:45:19,262 DEBUG [blade-pool-64] org.sql2o.Query | Executing query:
select a.*, count(b.cid) as count from t_metas a left join `t_relationships` b on a.mid = b.mid where a.type = ? group by a.mid order by count desc, a.mid desc limit ?
[tale] 2020-09-21 11:45:19,263 DEBUG [blade-pool-64] org.sql2o.Query | total: 1 ms, execution: 1 ms, reading and parsing: 0 ms; executed [null]
[tale] 2020-09-21 11:45:19,264 DEBUG [blade-pool-64] org.sql2o.Query | Executing query:
select a.*, count(b.cid) as count from t_metas a left join `t_relationships` b on a.mid = b.mid where a.type = ? group by a.mid order by count desc, a.mid desc limit ?
[tale] 2020-09-21 11:45:19,264 DEBUG [blade-pool-64] org.sql2o.Query | total: 0 ms, execution: 0 ms, reading and parsing: 0 ms; executed [null]
[tale] 2020-09-21 11:45:20,208 INFO  [blade-pool-66] com.blade.mvc.dispatch.DispatcherHandler | GET	/	HTTP/1.1
[tale] 2020-09-21 11:45:20,208 INFO  [blade-pool-66] com.tale.interceptor.BaseInterceptor | UserAgent: Go-http-client/1.1
[tale] 2020-09-21 11:45:20,208 INFO  [blade-pool-66] com.tale.interceptor.BaseInterceptor | 用户访问地址: /, 来路地址: 132.232.75.2
[tale] 2020-09-21 11:45:20,209 DEBUG [blade-pool-66] org.sql2o.Query | Executing query:
select count(0) from (select allow_comment,allow_feed,allow_ping,author_id,categories,cid,comments_num,content,created,fmt_type,hits,modified,slug,status,tags,thumb_img,title,type from t_contents where type = ? and status = ?) tmp_count
[tale] 2020-09-21 11:45:20,209 DEBUG [blade-pool-66] org.sql2o.Query | Executing query:
select count(0) from (select allow_comment,allow_feed,allow_ping,author_id,categories,cid,comments_num,content,created,fmt_type,hits,modified,slug,status,tags,thumb_img,title,type from t_contents where type = ? and status = ?) tmp_count
[tale] 2020-09-21 11:45:20,210 DEBUG [blade-pool-66] org.sql2o.Query | total: 1 ms; executed scalar [No name]
[tale] 2020-09-21 11:45:20,210 DEBUG [blade-pool-66] org.sql2o.Query | Executing query:
select allow_comment,allow_feed,allow_ping,author_id,categories,cid,comments_num,content,created,fmt_type,hits,modified,slug,status,tags,thumb_img,title,type from t_contents where type = ? and status = ? order by created desc limit 0,12
[tale] 2020-09-21 11:45:20,212 DEBUG [blade-pool-66] org.sql2o.Query | total: 2 ms, execution: 1 ms, reading and parsing: 1 ms; executed [null]
[tale] 2020-09-21 11:45:20,213 DEBUG [blade-pool-66] org.sql2o.Query | Executing query:
select a.*, count(b.cid) as count from t_metas a left join `t_relationships` b on a.mid = b.mid where a.type = ? group by a.mid order by count desc, a.mid desc limit ?
[tale] 2020-09-21 11:45:20,214 DEBUG [blade-pool-66] org.sql2o.Query | total: 1 ms, execution: 1 ms, reading and parsing: 0 ms; executed [null]
[tale] 2020-09-21 11:45:20,214 DEBUG [blade-pool-66] org.sql2o.Query | Executing query:
select a.*, count(b.cid) as count from t_metas a left join `t_relationships` b on a.mid = b.mid where a.type = ? group by a.mid order by count desc, a.mid desc limit ?
[tale] 2020-09-21 11:45:20,215 DEBUG [blade-pool-66] org.sql2o.Query | total: 1 ms, execution: 0 ms, reading and parsing: 1 ms; executed [null]
[tale] 2020-09-21 12:11:47,600 INFO  [blade-pool-49] com.blade.mvc.dispatch.DispatcherHandler | GET	/tag/数据提取	HTTP/1.1
[tale] 2020-09-21 12:11:47,602 INFO  [blade-pool-49] com.tale.interceptor.BaseInterceptor | UserAgent: Mozilla/5.0 (compatible; AhrefsBot/7.0; +http://ahrefs.com/robot/)
[tale] 2020-09-21 12:11:47,602 INFO  [blade-pool-49] com.tale.interceptor.BaseInterceptor | 用户访问地址: /tag/%E6%95%B0%E6%8D%AE%E6%8F%90%E5%8F%96, 来路地址: 54.36.148.67
[tale] 2020-09-21 12:11:47,605 DEBUG [blade-pool-49] org.sql2o.Query | Executing query:
select a.*, count(b.cid) as count from t_metas a left join `t_relationships` b on a.mid = b.mid where a.type = ? and a.name = ? group by a.mid
[tale] 2020-09-21 12:11:47,607 DEBUG [blade-pool-49] org.sql2o.Query | total: 2 ms, execution: 2 ms, reading and parsing: 0 ms; executed [null]
[tale] 2020-09-21 12:11:47,607 DEBUG [blade-pool-49] org.sql2o.Query | Executing query:
select count(0) from t_contents a left join t_relationships b on a.cid = b.cid where b.mid = ? and a.status = 'publish' and a.type = 'post'
[tale] 2020-09-21 12:11:47,611 DEBUG [blade-pool-49] org.sql2o.Query | total: 4 ms, execution: 4 ms, reading and parsing: 0 ms; executed [null]
[tale] 2020-09-21 12:11:47,611 DEBUG [blade-pool-49] org.sql2o.Query | Executing query:
select a.* from t_contents a left join t_relationships b on a.cid = b.cid where b.mid = ? and a.status = 'publish' and a.type = 'post' order by a.created desc limit 0,12
[tale] 2020-09-21 12:11:47,613 DEBUG [blade-pool-49] org.sql2o.Query | total: 2 ms, execution: 2 ms, reading and parsing: 0 ms; executed [null]
[tale] 2020-09-21 12:11:47,616 DEBUG [blade-pool-49] org.sql2o.Query | Executing query:
select a.*, count(b.cid) as count from t_metas a left join `t_relationships` b on a.mid = b.mid where a.type = ? group by a.mid order by count desc, a.mid desc limit ?
[tale] 2020-09-21 12:11:47,616 DEBUG [blade-pool-49] org.sql2o.Query | total: 0 ms, execution: 0 ms, reading and parsing: 0 ms; executed [null]
[tale] 2020-09-21 12:11:47,617 DEBUG [blade-pool-49] org.sql2o.Query | Executing query:
select a.*, count(b.cid) as count from t_metas a left join `t_relationships` b on a.mid = b.mid where a.type = ? group by a.mid order by count desc, a.mid desc limit ?
[tale] 2020-09-21 12:11:47,617 DEBUG [blade-pool-49] org.sql2o.Query | total: 0 ms, execution: 0 ms, reading and parsing: 0 ms; executed [null]
[tale] 2020-09-21 13:06:03,898 INFO  [blade-pool-58] com.blade.mvc.dispatch.DispatcherHandler | GET	/setup.cgi	HTTP/1.0
[tale] 2020-09-21 13:06:03,900 INFO  [blade-pool-58] com.tale.interceptor.BaseInterceptor | UserAgent: null
[tale] 2020-09-21 13:06:03,900 INFO  [blade-pool-58] com.tale.interceptor.BaseInterceptor | 用户访问地址: /setup.cgi, 来路地址: 220.162.164.165
[tale] 2020-09-21 13:06:03,906 DEBUG [blade-pool-58] org.sql2o.Query | Executing query:
select allow_comment,allow_feed,allow_ping,author_id,categories,cid,comments_num,content,created,fmt_type,hits,modified,slug,status,tags,thumb_img,title,type from t_contents where slug = ?
[tale] 2020-09-21 13:06:03,907 DEBUG [blade-pool-58] org.sql2o.Query | total: 1 ms, execution: 1 ms, reading and parsing: 0 ms; executed [null]
[tale] 2020-09-21 14:13:32,959 INFO  [blade-pool-64] com.blade.mvc.dispatch.DispatcherHandler | GET	/tag/搭建	HTTP/1.1
[tale] 2020-09-21 14:13:32,960 INFO  [blade-pool-64] com.tale.interceptor.BaseInterceptor | UserAgent: Mozilla/5.0 (compatible; AhrefsBot/7.0; +http://ahrefs.com/robot/)
[tale] 2020-09-21 14:13:32,960 INFO  [blade-pool-64] com.tale.interceptor.BaseInterceptor | 用户访问地址: /tag/%E6%90%AD%E5%BB%BA, 来路地址: 54.36.148.13
[tale] 2020-09-21 14:13:32,965 DEBUG [blade-pool-64] org.sql2o.Query | Executing query:
select a.*, count(b.cid) as count from t_metas a left join `t_relationships` b on a.mid = b.mid where a.type = ? and a.name = ? group by a.mid
[tale] 2020-09-21 14:13:32,967 DEBUG [blade-pool-64] org.sql2o.Query | total: 2 ms, execution: 2 ms, reading and parsing: 0 ms; executed [null]
[tale] 2020-09-21 14:13:32,968 DEBUG [blade-pool-64] org.sql2o.Query | Executing query:
select count(0) from t_contents a left join t_relationships b on a.cid = b.cid where b.mid = ? and a.status = 'publish' and a.type = 'post'
[tale] 2020-09-21 14:13:32,969 DEBUG [blade-pool-64] org.sql2o.Query | total: 1 ms, execution: 1 ms, reading and parsing: 0 ms; executed [null]
[tale] 2020-09-21 14:13:32,969 DEBUG [blade-pool-64] org.sql2o.Query | Executing query:
select a.* from t_contents a left join t_relationships b on a.cid = b.cid where b.mid = ? and a.status = 'publish' and a.type = 'post' order by a.created desc limit 0,12
[tale] 2020-09-21 14:13:32,970 DEBUG [blade-pool-64] org.sql2o.Query | total: 1 ms, execution: 1 ms, reading and parsing: 0 ms; executed [null]
[tale] 2020-09-21 14:13:32,972 DEBUG [blade-pool-64] org.sql2o.Query | Executing query:
select a.*, count(b.cid) as count from t_metas a left join `t_relationships` b on a.mid = b.mid where a.type = ? group by a.mid order by count desc, a.mid desc limit ?
[tale] 2020-09-21 14:13:32,973 DEBUG [blade-pool-64] org.sql2o.Query | total: 1 ms, execution: 0 ms, reading and parsing: 1 ms; executed [null]
[tale] 2020-09-21 14:13:32,973 DEBUG [blade-pool-64] org.sql2o.Query | Executing query:
select a.*, count(b.cid) as count from t_metas a left join `t_relationships` b on a.mid = b.mid where a.type = ? group by a.mid order by count desc, a.mid desc limit ?
[tale] 2020-09-21 14:13:32,973 DEBUG [blade-pool-64] org.sql2o.Query | total: 0 ms, execution: 0 ms, reading and parsing: 0 ms; executed [null]
[tale] 2020-09-21 16:49:29,397 INFO  [blade-pool-60] com.blade.mvc.dispatch.DispatcherHandler | GET	/	HTTP/1.1
[tale] 2020-09-21 16:49:29,398 INFO  [blade-pool-60] com.tale.interceptor.BaseInterceptor | UserAgent: Mozilla/5.0 (Macintosh; Intel Mac OS X 10_11_6) AppleWebKit/601.7.7 (KHTML, like Gecko) Version/9.1.2 Safari/601.7.7
[tale] 2020-09-21 16:49:29,398 INFO  [blade-pool-60] com.tale.interceptor.BaseInterceptor | 用户访问地址: /, 来路地址: 194.246.104.82
[tale] 2020-09-21 16:49:29,400 DEBUG [blade-pool-60] org.sql2o.Query | Executing query:
select count(0) from (select allow_comment,allow_feed,allow_ping,author_id,categories,cid,comments_num,content,created,fmt_type,hits,modified,slug,status,tags,thumb_img,title,type from t_contents where type = ? and status = ?) tmp_count
[tale] 2020-09-21 16:49:29,400 DEBUG [blade-pool-60] org.sql2o.Query | Executing query:
select count(0) from (select allow_comment,allow_feed,allow_ping,author_id,categories,cid,comments_num,content,created,fmt_type,hits,modified,slug,status,tags,thumb_img,title,type from t_contents where type = ? and status = ?) tmp_count
[tale] 2020-09-21 16:49:29,402 DEBUG [blade-pool-60] org.sql2o.Query | total: 2 ms; executed scalar [No name]
[tale] 2020-09-21 16:49:29,402 DEBUG [blade-pool-60] org.sql2o.Query | Executing query:
select allow_comment,allow_feed,allow_ping,author_id,categories,cid,comments_num,content,created,fmt_type,hits,modified,slug,status,tags,thumb_img,title,type from t_contents where type = ? and status = ? order by created desc limit 0,12
[tale] 2020-09-21 16:49:29,407 DEBUG [blade-pool-60] org.sql2o.Query | total: 5 ms, execution: 1 ms, reading and parsing: 4 ms; executed [null]
[tale] 2020-09-21 16:49:29,408 DEBUG [blade-pool-60] org.sql2o.Query | Executing query:
select a.*, count(b.cid) as count from t_metas a left join `t_relationships` b on a.mid = b.mid where a.type = ? group by a.mid order by count desc, a.mid desc limit ?
[tale] 2020-09-21 16:49:29,409 DEBUG [blade-pool-60] org.sql2o.Query | total: 1 ms, execution: 1 ms, reading and parsing: 0 ms; executed [null]
[tale] 2020-09-21 16:49:29,409 DEBUG [blade-pool-60] org.sql2o.Query | Executing query:
select a.*, count(b.cid) as count from t_metas a left join `t_relationships` b on a.mid = b.mid where a.type = ? group by a.mid order by count desc, a.mid desc limit ?
[tale] 2020-09-21 16:49:29,411 DEBUG [blade-pool-60] org.sql2o.Query | total: 2 ms, execution: 2 ms, reading and parsing: 0 ms; executed [null]
[tale] 2020-09-21 17:29:42,746 INFO  [blade-pool-66] com.blade.mvc.dispatch.DispatcherHandler | GET	/config/getuser	HTTP/1.1
[tale] 2020-09-21 17:43:38,713 INFO  [blade-pool-66] com.blade.mvc.dispatch.DispatcherHandler | GET	/	HTTP/1.0
[tale] 2020-09-21 17:43:38,715 INFO  [blade-pool-66] com.tale.interceptor.BaseInterceptor | UserAgent: NetSystemsResearch studies the availability of various services across the internet. Our website is netsystemsresearch.com
[tale] 2020-09-21 17:43:38,715 INFO  [blade-pool-66] com.tale.interceptor.BaseInterceptor | 用户访问地址: /, 来路地址: 92.118.161.5
[tale] 2020-09-21 17:43:38,716 DEBUG [blade-pool-66] org.sql2o.Query | Executing query:
select count(0) from (select allow_comment,allow_feed,allow_ping,author_id,categories,cid,comments_num,content,created,fmt_type,hits,modified,slug,status,tags,thumb_img,title,type from t_contents where type = ? and status = ?) tmp_count
[tale] 2020-09-21 17:43:38,716 DEBUG [blade-pool-66] org.sql2o.Query | Executing query:
select count(0) from (select allow_comment,allow_feed,allow_ping,author_id,categories,cid,comments_num,content,created,fmt_type,hits,modified,slug,status,tags,thumb_img,title,type from t_contents where type = ? and status = ?) tmp_count
[tale] 2020-09-21 17:43:38,718 DEBUG [blade-pool-66] org.sql2o.Query | total: 2 ms; executed scalar [No name]
[tale] 2020-09-21 17:43:38,718 DEBUG [blade-pool-66] org.sql2o.Query | Executing query:
select allow_comment,allow_feed,allow_ping,author_id,categories,cid,comments_num,content,created,fmt_type,hits,modified,slug,status,tags,thumb_img,title,type from t_contents where type = ? and status = ? order by created desc limit 0,12
[tale] 2020-09-21 17:43:38,721 DEBUG [blade-pool-66] org.sql2o.Query | total: 3 ms, execution: 1 ms, reading and parsing: 2 ms; executed [null]
[tale] 2020-09-21 17:43:38,722 DEBUG [blade-pool-66] org.sql2o.Query | Executing query:
select a.*, count(b.cid) as count from t_metas a left join `t_relationships` b on a.mid = b.mid where a.type = ? group by a.mid order by count desc, a.mid desc limit ?
[tale] 2020-09-21 17:43:38,723 DEBUG [blade-pool-66] org.sql2o.Query | total: 1 ms, execution: 1 ms, reading and parsing: 0 ms; executed [null]
[tale] 2020-09-21 17:43:38,724 DEBUG [blade-pool-66] org.sql2o.Query | Executing query:
select a.*, count(b.cid) as count from t_metas a left join `t_relationships` b on a.mid = b.mid where a.type = ? group by a.mid order by count desc, a.mid desc limit ?
[tale] 2020-09-21 17:43:38,724 DEBUG [blade-pool-66] org.sql2o.Query | total: 0 ms, execution: 0 ms, reading and parsing: 0 ms; executed [null]
[tale] 2020-09-21 17:44:35,111 INFO  [blade-pool-49] com.blade.mvc.dispatch.DispatcherHandler | GET	/setup.cgi	HTTP/1.0
[tale] 2020-09-21 17:44:35,111 INFO  [blade-pool-49] com.tale.interceptor.BaseInterceptor | UserAgent: null
[tale] 2020-09-21 17:44:35,111 INFO  [blade-pool-49] com.tale.interceptor.BaseInterceptor | 用户访问地址: /setup.cgi, 来路地址: 103.215.53.102
[tale] 2020-09-21 17:44:35,112 DEBUG [blade-pool-49] org.sql2o.Query | Executing query:
select allow_comment,allow_feed,allow_ping,author_id,categories,cid,comments_num,content,created,fmt_type,hits,modified,slug,status,tags,thumb_img,title,type from t_contents where slug = ?
[tale] 2020-09-21 17:44:35,113 DEBUG [blade-pool-49] org.sql2o.Query | total: 1 ms, execution: 1 ms, reading and parsing: 0 ms; executed [null]
[tale] 2020-09-21 18:01:23,472 INFO  [blade-pool-49] com.blade.mvc.dispatch.DispatcherHandler | HEAD	/robots.txt	HTTP/1.0
